# JRE version: OpenJDK Runtime Environment (11.0.10) (build 11.0.10+0-b96-7249189)
# Java VM: OpenJDK 64-Bit Server VM (11.0.10+0-b96-7249189, mixed mode, tiered, compressed oops, g1 gc, windows-amd64)
Heap:
 garbage-first heap   total 262144K, used 57476K [0x0000000080000000, 0x0000000100000000)
  region size 1024K, 16 young (16384K), 12 survivors (12288K)
 Metaspace       used 71358K, capacity 73131K, committed 73340K, reserved 1112064K
  class space    used 9257K, capacity 9881K, committed 9984K, reserved 1048576K
GC Heap History (12 events):
Event: 1.473 GC heap before
{Heap before GC invocations=0 (full 0):
 garbage-first heap   total 262144K, used 29696K [0x0000000080000000, 0x0000000100000000)
  region size 1024K, 24 young (24576K), 0 survivors (0K)
 Metaspace       used 10264K, capacity 10493K, committed 10624K, reserved 1058816K
  class space    used 1064K, capacity 1139K, committed 1152K, reserved 1048576K
}
Event: 1.478 GC heap after
{Heap after GC invocations=1 (full 0):
 garbage-first heap   total 262144K, used 9436K [0x0000000080000000, 0x0000000100000000)
  region size 1024K, 3 young (3072K), 3 survivors (3072K)
 Metaspace       used 10264K, capacity 10493K, committed 10624K, reserved 1058816K
  class space    used 1064K, capacity 1139K, committed 1152K, reserved 1048576K
}
Event: 4.928 GC heap before
{Heap before GC invocations=1 (full 0):
 garbage-first heap   total 262144K, used 106716K [0x0000000080000000, 0x0000000100000000)
  region size 1024K, 99 young (101376K), 3 survivors (3072K)
 Metaspace       used 20614K, capacity 21128K, committed 21296K, reserved 1069056K
  class space    used 2499K, capacity 2658K, committed 2688K, reserved 1048576K
}
Event: 4.940 GC heap after
{Heap after GC invocations=2 (full 0):
 garbage-first heap   total 262144K, used 16832K [0x0000000080000000, 0x0000000100000000)
  region size 1024K, 11 young (11264K), 11 survivors (11264K)
 Metaspace       used 20614K, capacity 21128K, committed 21296K, reserved 1069056K
  class space    used 2499K, capacity 2658K, committed 2688K, reserved 1048576K
}
Event: 5.202 GC heap before
{Heap before GC invocations=3 (full 0):
 garbage-first heap   total 262144K, used 39360K [0x0000000080000000, 0x0000000100000000)
  region size 1024K, 33 young (33792K), 11 survivors (11264K)
 Metaspace       used 22328K, capacity 22955K, committed 23216K, reserved 1069056K
  class space    used 2829K, capacity 3036K, committed 3072K, reserved 1048576K
}
Event: 5.212 GC heap after
{Heap after GC invocations=4 (full 0):
 garbage-first heap   total 262144K, used 17885K [0x0000000080000000, 0x0000000100000000)
  region size 1024K, 2 young (2048K), 2 survivors (2048K)
 Metaspace       used 22328K, capacity 22955K, committed 23216K, reserved 1069056K
  class space    used 2829K, capacity 3036K, committed 3072K, reserved 1048576K
}
Event: 6.970 GC heap before
{Heap before GC invocations=4 (full 0):
 garbage-first heap   total 262144K, used 106973K [0x0000000080000000, 0x0000000100000000)
  region size 1024K, 90 young (92160K), 2 survivors (2048K)
 Metaspace       used 34864K, capacity 35606K, committed 35708K, reserved 1081344K
  class space    used 4529K, capacity 4832K, committed 4864K, reserved 1048576K
}
Event: 6.980 GC heap after
{Heap after GC invocations=5 (full 0):
 garbage-first heap   total 262144K, used 22278K [0x0000000080000000, 0x0000000100000000)
  region size 1024K, 6 young (6144K), 6 survivors (6144K)
 Metaspace       used 34864K, capacity 35606K, committed 35708K, reserved 1081344K
  class space    used 4529K, capacity 4832K, committed 4864K, reserved 1048576K
}
Event: 8.669 GC heap before
{Heap before GC invocations=6 (full 0):
 garbage-first heap   total 262144K, used 152326K [0x0000000080000000, 0x0000000100000000)
  region size 1024K, 130 young (133120K), 6 survivors (6144K)
 Metaspace       used 45346K, capacity 46498K, committed 46588K, reserved 1089536K
  class space    used 5806K, capacity 6193K, committed 6272K, reserved 1048576K
}
Event: 8.680 GC heap after
{Heap after GC invocations=7 (full 0):
 garbage-first heap   total 262144K, used 29044K [0x0000000080000000, 0x0000000100000000)
  region size 1024K, 12 young (12288K), 12 survivors (12288K)
 Metaspace       used 45346K, capacity 46498K, committed 46588K, reserved 1089536K
  class space    used 5806K, capacity 6193K, committed 6272K, reserved 1048576K
}
Event: 16.138 GC heap before
{Heap before GC invocations=7 (full 0):
 garbage-first heap   total 262144K, used 160116K [0x0000000080000000, 0x0000000100000000)
  region size 1024K, 137 young (140288K), 12 survivors (12288K)
 Metaspace       used 58305K, capacity 59871K, committed 59940K, reserved 1101824K
  class space    used 7390K, capacity 7918K, committed 7936K, reserved 1048576K
}
Event: 16.166 GC heap after
{Heap after GC invocations=8 (full 0):
 garbage-first heap   total 262144K, used 43441K [0x0000000080000000, 0x0000000100000000)
  region size 1024K, 17 young (17408K), 17 survivors (17408K)
 Metaspace       used 58305K, capacity 59871K, committed 59940K, reserved 1101824K
  class space    used 7390K, capacity 7918K, committed 7936K, reserved 1048576K
}

